<?xml version="1.0" encoding="UTF-8"?>
<testng-results skipped="0" failed="0" ignored="0" total="1" passed="1">
  <reporter-output>
  </reporter-output>
  <suite name="Default suite" duration-ms="21932" started-at="2021-11-17T18:38:44Z" finished-at="2021-11-17T18:39:06Z">
    <groups>
    </groups>
    <test name="Default test" duration-ms="21932" started-at="2021-11-17T18:38:44Z" finished-at="2021-11-17T18:39:06Z">
      <class name="com.nik.test.Web_Automation">
        <test-method status="PASS" signature="setUp()[pri:0, instance:com.nik.test.Web_Automation@5bcea91b]" name="setUp" is-config="true" duration-ms="6799" started-at="2021-11-17T18:38:44Z" finished-at="2021-11-17T18:38:51Z">
          <reporter-output>
          </reporter-output>
        </test-method> <!-- setUp -->
        <test-method status="PASS" signature="login()[pri:0, instance:com.nik.test.Web_Automation@5bcea91b]" name="login" duration-ms="10658" started-at="2021-11-17T18:38:51Z" finished-at="2021-11-17T18:39:01Z">
          <reporter-output>
          </reporter-output>
        </test-method> <!-- login -->
        <test-method status="PASS" signature="tearDown()[pri:0, instance:com.nik.test.Web_Automation@5bcea91b]" name="tearDown" is-config="true" duration-ms="4375" started-at="2021-11-17T18:39:01Z" finished-at="2021-11-17T18:39:06Z">
          <reporter-output>
          </reporter-output>
        </test-method> <!-- tearDown -->
      </class> <!-- com.nik.test.Web_Automation -->
    </test> <!-- Default test -->
  </suite> <!-- Default suite -->
</testng-results>
